0 info it worked if it ends with ok
1 verbose cli [ 'c:\\PROGRAM FILES\\NODEJS\\node.exe',
1 verbose cli   'c:\\PROGRAM FILES\\NODEJS\\node_modules\\npm\\bin\\npm-cli.js',
1 verbose cli   'run-script',
1 verbose cli   'compile' ]
2 info using npm@1.2.24
3 info using node@v0.10.9
4 verbose read json d:\eurekaa\progetti\espreXXo.js\package.json
5 warn package.json espreXXo.js@0.1.2 No readme data.
6 verbose run-script [ 'precompile', 'compile', 'postcompile' ]
7 info precompile espreXXo.js@0.1.2
8 info compile espreXXo.js@0.1.2
9 verbose unsafe-perm in lifecycle true
10 error Error: spawn OK
10 error     at errnoException (child_process.js:980:11)
10 error     at Process.ChildProcess._handle.onexit (child_process.js:771:34)
11 error If you need help, you may report this log at:
11 error     <http://github.com/isaacs/npm/issues>
11 error or email it to:
11 error     <npm-@googlegroups.com>
12 error System Windows_NT 6.1.7601
13 error command "c:\\PROGRAM FILES\\NODEJS\\node.exe" "c:\\PROGRAM FILES\\NODEJS\\node_modules\\npm\\bin\\npm-cli.js" "run-script" "compile"
14 error cwd d:\eurekaa\progetti\espreXXo.js
15 error node -v v0.10.9
16 error npm -v 1.2.24
17 error syscall spawn
18 error code OK
19 error errno OK
20 verbose exit [ 1, true ]
